# JRE version: Java(TM) SE Runtime Environment (17.0.10+11) (build 17.0.10+11-LTS-240)
# Java VM: Java HotSpot(TM) 64-Bit Server VM (17.0.10+11-LTS-240, mixed mode, sharing, tiered, compressed oops, compressed class ptrs, g1 gc, windows-amd64)
GC Precious Log:
 CPUs: 12 total, 12 available
 Memory: 16328M
 Large Page Support: Disabled
 NUMA Support: Disabled
 Compressed Oops: Enabled (Zero based)
 Heap Region Size: 2M
 Heap Min Capacity: 8M
 Heap Initial Capacity: 256M
 Heap Max Capacity: 3G
 Pre-touch: Disabled
 Parallel Workers: 10
 Concurrent Workers: 3
 Concurrent Refinement Workers: 10
 Periodic GC: Disabled
Heap:
 garbage-first heap   total 399360K, used 148709K [0x0000000740000000, 0x0000000800000000)
  region size 2048K, 31 young (63488K), 5 survivors (10240K)
 Metaspace       used 64581K, committed 65280K, reserved 1114112K
  class space    used 8763K, committed 9088K, reserved 1048576K
GC Heap History (20 events):
Event: 7.013 GC heap before
{Heap before GC invocations=23 (full 0):
 garbage-first heap   total 239616K, used 191186K [0x0000000740000000, 0x0000000800000000)
  region size 2048K, 70 young (143360K), 5 survivors (10240K)
 Metaspace       used 61977K, committed 62656K, reserved 1114112K
  class space    used 8592K, committed 8896K, reserved 1048576K
}
Event: 7.025 GC heap after
{Heap after GC invocations=24 (full 0):
 garbage-first heap   total 239616K, used 76063K [0x0000000740000000, 0x0000000800000000)
  region size 2048K, 9 young (18432K), 9 survivors (18432K)
 Metaspace       used 61977K, committed 62656K, reserved 1114112K
  class space    used 8592K, committed 8896K, reserved 1048576K
}
Event: 7.857 GC heap before
{Heap before GC invocations=24 (full 0):
 garbage-first heap   total 239616K, used 198943K [0x0000000740000000, 0x0000000800000000)
  region size 2048K, 61 young (124928K), 9 survivors (18432K)
 Metaspace       used 62633K, committed 63296K, reserved 1114112K
  class space    used 8645K, committed 8960K, reserved 1048576K
}
Event: 7.867 GC heap after
{Heap after GC invocations=25 (full 0):
 garbage-first heap   total 239616K, used 80634K [0x0000000740000000, 0x0000000800000000)
  region size 2048K, 3 young (6144K), 3 survivors (6144K)
 Metaspace       used 62633K, committed 63296K, reserved 1114112K
  class space    used 8645K, committed 8960K, reserved 1048576K
}
Event: 7.893 GC heap before
{Heap before GC invocations=25 (full 0):
 garbage-first heap   total 239616K, used 103162K [0x0000000740000000, 0x0000000800000000)
  region size 2048K, 6 young (12288K), 3 survivors (6144K)
 Metaspace       used 62650K, committed 63296K, reserved 1114112K
  class space    used 8645K, committed 8960K, reserved 1048576K
}
Event: 7.895 GC heap after
{Heap after GC invocations=26 (full 0):
 garbage-first heap   total 239616K, used 80252K [0x0000000740000000, 0x0000000800000000)
  region size 2048K, 3 young (6144K), 3 survivors (6144K)
 Metaspace       used 62650K, committed 63296K, reserved 1114112K
  class space    used 8645K, committed 8960K, reserved 1048576K
}
Event: 7.934 GC heap before
{Heap before GC invocations=26 (full 0):
 garbage-first heap   total 239616K, used 113020K [0x0000000740000000, 0x0000000800000000)
  region size 2048K, 6 young (12288K), 3 survivors (6144K)
 Metaspace       used 62715K, committed 63424K, reserved 1114112K
  class space    used 8646K, committed 8960K, reserved 1048576K
}
Event: 7.936 GC heap after
{Heap after GC invocations=27 (full 0):
 garbage-first heap   total 239616K, used 80238K [0x0000000740000000, 0x0000000800000000)
  region size 2048K, 3 young (6144K), 3 survivors (6144K)
 Metaspace       used 62715K, committed 63424K, reserved 1114112K
  class space    used 8646K, committed 8960K, reserved 1048576K
}
Event: 7.973 GC heap before
{Heap before GC invocations=27 (full 0):
 garbage-first heap   total 239616K, used 117102K [0x0000000740000000, 0x0000000800000000)
  region size 2048K, 9 young (18432K), 3 survivors (6144K)
 Metaspace       used 62752K, committed 63424K, reserved 1114112K
  class space    used 8646K, committed 8960K, reserved 1048576K
}
Event: 7.975 GC heap after
{Heap after GC invocations=28 (full 0):
 garbage-first heap   total 239616K, used 81125K [0x0000000740000000, 0x0000000800000000)
  region size 2048K, 3 young (6144K), 3 survivors (6144K)
 Metaspace       used 62752K, committed 63424K, reserved 1114112K
  class space    used 8646K, committed 8960K, reserved 1048576K
}
Event: 8.000 GC heap before
{Heap before GC invocations=28 (full 0):
 garbage-first heap   total 239616K, used 115941K [0x0000000740000000, 0x0000000800000000)
  region size 2048K, 7 young (14336K), 3 survivors (6144K)
 Metaspace       used 62759K, committed 63424K, reserved 1114112K
  class space    used 8646K, committed 8960K, reserved 1048576K
}
Event: 8.003 GC heap after
{Heap after GC invocations=29 (full 0):
 garbage-first heap   total 399360K, used 80328K [0x0000000740000000, 0x0000000800000000)
  region size 2048K, 3 young (6144K), 3 survivors (6144K)
 Metaspace       used 62759K, committed 63424K, reserved 1114112K
  class space    used 8646K, committed 8960K, reserved 1048576K
}
Event: 117.119 GC heap before
{Heap before GC invocations=29 (full 0):
 garbage-first heap   total 399360K, used 321992K [0x0000000740000000, 0x0000000800000000)
  region size 2048K, 76 young (155648K), 3 survivors (6144K)
 Metaspace       used 63567K, committed 64256K, reserved 1114112K
  class space    used 8703K, committed 9024K, reserved 1048576K
}
Event: 117.124 GC heap after
{Heap after GC invocations=30 (full 0):
 garbage-first heap   total 399360K, used 84515K [0x0000000740000000, 0x0000000800000000)
  region size 2048K, 5 young (10240K), 5 survivors (10240K)
 Metaspace       used 63567K, committed 64256K, reserved 1114112K
  class space    used 8703K, committed 9024K, reserved 1048576K
}
Event: 117.908 GC heap before
{Heap before GC invocations=30 (full 0):
 garbage-first heap   total 399360K, used 262691K [0x0000000740000000, 0x0000000800000000)
  region size 2048K, 44 young (90112K), 5 survivors (10240K)
 Metaspace       used 63895K, committed 64576K, reserved 1114112K
  class space    used 8709K, committed 9024K, reserved 1048576K
}
Event: 117.912 GC heap after
{Heap after GC invocations=31 (full 0):
 garbage-first heap   total 399360K, used 84846K [0x0000000740000000, 0x0000000800000000)
  region size 2048K, 5 young (10240K), 5 survivors (10240K)
 Metaspace       used 63895K, committed 64576K, reserved 1114112K
  class space    used 8709K, committed 9024K, reserved 1048576K
}
Event: 235.732 GC heap before
{Heap before GC invocations=31 (full 0):
 garbage-first heap   total 399360K, used 260974K [0x0000000740000000, 0x0000000800000000)
  region size 2048K, 48 young (98304K), 5 survivors (10240K)
 Metaspace       used 64353K, committed 65088K, reserved 1114112K
  class space    used 8738K, committed 9088K, reserved 1048576K
}
Event: 235.736 GC heap after
{Heap after GC invocations=32 (full 0):
 garbage-first heap   total 399360K, used 85221K [0x0000000740000000, 0x0000000800000000)
  region size 2048K, 5 young (10240K), 5 survivors (10240K)
 Metaspace       used 64353K, committed 65088K, reserved 1114112K
  class space    used 8738K, committed 9088K, reserved 1048576K
}
Event: 235.857 GC heap before
{Heap before GC invocations=32 (full 0):
 garbage-first heap   total 399360K, used 208101K [0x0000000740000000, 0x0000000800000000)
  region size 2048K, 18 young (36864K), 5 survivors (10240K)
 Metaspace       used 64384K, committed 65088K, reserved 1114112K
  class space    used 8738K, committed 9088K, reserved 1048576K
}
Event: 235.862 GC heap after
{Heap after GC invocations=33 (full 0):
 garbage-first heap   total 399360K, used 85221K [0x0000000740000000, 0x0000000800000000)
  region size 2048K, 5 young (10240K), 5 survivors (10240K)
 Metaspace       used 64384K, committed 65088K, reserved 1114112K
  class space    used 8738K, committed 9088K, reserved 1048576K
}

