# JRE version: Java(TM) SE Runtime Environment (17.0.10+11) (build 17.0.10+11-LTS-240)
# Java VM: Java HotSpot(TM) 64-Bit Server VM (17.0.10+11-LTS-240, mixed mode, sharing, tiered, compressed oops, compressed class ptrs, g1 gc, windows-amd64)
GC Precious Log:
 CPUs: 12 total, 12 available
 Memory: 16328M
 Large Page Support: Disabled
 NUMA Support: Disabled
 Compressed Oops: Enabled (Zero based)
 Heap Region Size: 2M
 Heap Min Capacity: 8M
 Heap Initial Capacity: 256M
 Heap Max Capacity: 3G
 Pre-touch: Disabled
 Parallel Workers: 10
 Concurrent Workers: 3
 Concurrent Refinement Workers: 10
 Periodic GC: Disabled
Heap:
 garbage-first heap   total 268288K, used 88628K [0x0000000740000000, 0x0000000800000000)
  region size 2048K, 4 young (8192K), 4 survivors (8192K)
 Metaspace       used 66832K, committed 67584K, reserved 1114112K
  class space    used 9057K, committed 9408K, reserved 1048576K
GC Heap History (20 events):
Event: 18.384 GC heap after
{Heap after GC invocations=31 (full 0):
 garbage-first heap   total 208896K, used 76769K [0x0000000740000000, 0x0000000800000000)
  region size 2048K, 7 young (14336K), 7 survivors (14336K)
 Metaspace       used 65109K, committed 65728K, reserved 1114112K
  class space    used 8916K, committed 9216K, reserved 1048576K
}
Event: 18.836 GC heap before
{Heap before GC invocations=31 (full 0):
 garbage-first heap   total 208896K, used 158689K [0x0000000740000000, 0x0000000800000000)
  region size 2048K, 47 young (96256K), 7 survivors (14336K)
 Metaspace       used 65501K, committed 66176K, reserved 1114112K
  class space    used 8974K, committed 9280K, reserved 1048576K
}
Event: 18.842 GC heap after
{Heap after GC invocations=32 (full 0):
 garbage-first heap   total 208896K, used 81406K [0x0000000740000000, 0x0000000800000000)
  region size 2048K, 3 young (6144K), 3 survivors (6144K)
 Metaspace       used 65501K, committed 66176K, reserved 1114112K
  class space    used 8974K, committed 9280K, reserved 1048576K
}
Event: 19.822 GC heap before
{Heap before GC invocations=32 (full 0):
 garbage-first heap   total 208896K, used 101886K [0x0000000740000000, 0x0000000800000000)
  region size 2048K, 14 young (28672K), 3 survivors (6144K)
 Metaspace       used 65774K, committed 66432K, reserved 1114112K
  class space    used 8987K, committed 9280K, reserved 1048576K
}
Event: 19.825 GC heap after
{Heap after GC invocations=33 (full 0):
 garbage-first heap   total 208896K, used 82558K [0x0000000740000000, 0x0000000800000000)
  region size 2048K, 3 young (6144K), 3 survivors (6144K)
 Metaspace       used 65774K, committed 66432K, reserved 1114112K
  class space    used 8987K, committed 9280K, reserved 1048576K
}
Event: 19.872 GC heap before
{Heap before GC invocations=33 (full 0):
 garbage-first heap   total 208896K, used 111230K [0x0000000740000000, 0x0000000800000000)
  region size 2048K, 9 young (18432K), 3 survivors (6144K)
 Metaspace       used 65837K, committed 66496K, reserved 1114112K
  class space    used 8987K, committed 9280K, reserved 1048576K
}
Event: 19.875 GC heap after
{Heap after GC invocations=34 (full 0):
 garbage-first heap   total 208896K, used 83134K [0x0000000740000000, 0x0000000800000000)
  region size 2048K, 4 young (8192K), 4 survivors (8192K)
 Metaspace       used 65837K, committed 66496K, reserved 1114112K
  class space    used 8987K, committed 9280K, reserved 1048576K
}
Event: 19.900 GC heap before
{Heap before GC invocations=34 (full 0):
 garbage-first heap   total 208896K, used 103614K [0x0000000740000000, 0x0000000800000000)
  region size 2048K, 7 young (14336K), 4 survivors (8192K)
 Metaspace       used 65855K, committed 66496K, reserved 1114112K
  class space    used 8987K, committed 9280K, reserved 1048576K
}
Event: 19.903 GC heap after
{Heap after GC invocations=35 (full 0):
 garbage-first heap   total 251904K, used 83160K [0x0000000740000000, 0x0000000800000000)
  region size 2048K, 4 young (8192K), 4 survivors (8192K)
 Metaspace       used 65855K, committed 66496K, reserved 1114112K
  class space    used 8987K, committed 9280K, reserved 1048576K
}
Event: 19.949 GC heap before
{Heap before GC invocations=35 (full 0):
 garbage-first heap   total 251904K, used 122072K [0x0000000740000000, 0x0000000800000000)
  region size 2048K, 8 young (16384K), 4 survivors (8192K)
 Metaspace       used 65899K, committed 66560K, reserved 1114112K
  class space    used 8988K, committed 9280K, reserved 1048576K
}
Event: 19.952 GC heap after
{Heap after GC invocations=36 (full 0):
 garbage-first heap   total 251904K, used 83406K [0x0000000740000000, 0x0000000800000000)
  region size 2048K, 4 young (8192K), 4 survivors (8192K)
 Metaspace       used 65899K, committed 66560K, reserved 1114112K
  class space    used 8988K, committed 9280K, reserved 1048576K
}
Event: 19.991 GC heap before
{Heap before GC invocations=36 (full 0):
 garbage-first heap   total 251904K, used 124366K [0x0000000740000000, 0x0000000800000000)
  region size 2048K, 10 young (20480K), 4 survivors (8192K)
 Metaspace       used 65926K, committed 66624K, reserved 1114112K
  class space    used 8988K, committed 9280K, reserved 1048576K
}
Event: 19.994 GC heap after
{Heap after GC invocations=37 (full 0):
 garbage-first heap   total 251904K, used 83671K [0x0000000740000000, 0x0000000800000000)
  region size 2048K, 4 young (8192K), 4 survivors (8192K)
 Metaspace       used 65926K, committed 66624K, reserved 1114112K
  class space    used 8988K, committed 9280K, reserved 1048576K
}
Event: 361.956 GC heap before
{Heap before GC invocations=37 (full 0):
 garbage-first heap   total 251904K, used 224983K [0x0000000740000000, 0x0000000800000000)
  region size 2048K, 60 young (122880K), 4 survivors (8192K)
 Metaspace       used 66631K, committed 67328K, reserved 1114112K
  class space    used 9054K, committed 9344K, reserved 1048576K
}
Event: 361.963 GC heap after
{Heap after GC invocations=38 (full 0):
 garbage-first heap   total 251904K, used 89199K [0x0000000740000000, 0x0000000800000000)
  region size 2048K, 7 young (14336K), 7 survivors (14336K)
 Metaspace       used 66631K, committed 67328K, reserved 1114112K
  class space    used 9054K, committed 9344K, reserved 1048576K
}
Event: 362.569 GC heap before
{Heap before GC invocations=38 (full 0):
 garbage-first heap   total 251904K, used 142447K [0x0000000740000000, 0x0000000800000000)
  region size 2048K, 21 young (43008K), 7 survivors (14336K)
 Metaspace       used 66786K, committed 67520K, reserved 1114112K
  class space    used 9055K, committed 9408K, reserved 1048576K
}
Event: 362.574 GC heap after
{Heap after GC invocations=39 (full 0):
 garbage-first heap   total 251904K, used 88628K [0x0000000740000000, 0x0000000800000000)
  region size 2048K, 4 young (8192K), 4 survivors (8192K)
 Metaspace       used 66786K, committed 67520K, reserved 1114112K
  class space    used 9055K, committed 9408K, reserved 1048576K
}
Event: 362.601 GC heap before
{Heap before GC invocations=39 (full 0):
 garbage-first heap   total 251904K, used 111156K [0x0000000740000000, 0x0000000800000000)
  region size 2048K, 8 young (16384K), 4 survivors (8192K)
 Metaspace       used 66804K, committed 67520K, reserved 1114112K
  class space    used 9055K, committed 9408K, reserved 1048576K
}
Event: 362.604 GC heap after
{Heap after GC invocations=40 (full 0):
 garbage-first heap   total 251904K, used 88628K [0x0000000740000000, 0x0000000800000000)
  region size 2048K, 4 young (8192K), 4 survivors (8192K)
 Metaspace       used 66804K, committed 67520K, reserved 1114112K
  class space    used 9055K, committed 9408K, reserved 1048576K
}
Event: 362.648 GC heap before
{Heap before GC invocations=40 (full 0):
 garbage-first heap   total 251904K, used 121396K [0x0000000740000000, 0x0000000800000000)
  region size 2048K, 7 young (14336K), 4 survivors (8192K)
 Metaspace       used 66832K, committed 67584K, reserved 1114112K
  class space    used 9057K, committed 9408K, reserved 1048576K
}

